<?xml version="1.0" encoding="UTF-8"?>
<!-- Generated by org.testng.reporters.JUnitReportReporter -->
<testsuite hostname="DESKTOP-JJG0ETL" failures="0" tests="1" name="runner.runner1" time="37.317" errors="0" timestamp="2024-02-15T13:05:14 IST" skipped="0">
  <testcase classname="runner.runner1" name="run" time="37.317"/>
  <system-out/>
</testsuite> <!-- runner.runner1 -->
